<?xml version="1.0" encoding="UTF-8"?>
<testng-results ignored="0" total="2" passed="1" failed="1" skipped="0">
  <reporter-output>
  </reporter-output>
  <suite started-at="2021-10-04T17:49:41 IST" name="Suite" finished-at="2021-10-04T17:50:18 IST" duration-ms="37432">
    <groups>
    </groups>
    <test started-at="2021-10-04T17:49:41 IST" name="Test" finished-at="2021-10-04T17:50:18 IST" duration-ms="37432">
      <class name="com.SwiZo.ability.PotentialPageTest">
        <test-method is-config="true" signature="openBrowser()[pri:0, instance:com.SwiZo.ability.PotentialPageTest@59505b48]" started-at="2021-10-04T17:49:42 IST" name="openBrowser" finished-at="2021-10-04T17:49:48 IST" duration-ms="6379" status="PASS">
          <reporter-output>
          </reporter-output>
        </test-method> <!-- openBrowser -->
        <test-method signature="potential()[pri:0, instance:com.SwiZo.ability.PotentialPageTest@59505b48]" started-at="2021-10-04T17:49:48 IST" name="potential" finished-at="2021-10-04T17:50:04 IST" duration-ms="15584" status="FAIL">
          <exception class="java.lang.AssertionError">
            <message>
              <![CDATA[expected [true] but found [false]]]>
            </message>
            <full-stacktrace>
              <![CDATA[java.lang.AssertionError: expected [true] but found [false]
at org.testng.Assert.fail(Assert.java:99)
at org.testng.Assert.failNotEquals(Assert.java:1037)
at org.testng.Assert.assertTrue(Assert.java:45)
at org.testng.Assert.assertTrue(Assert.java:55)
at com.SwiZo.GenericLib.WebDriverCommonLib.verify(WebDriverCommonLib.java:53)
at com.SwiZo.ability.PotentialPageTest.potential(PotentialPageTest.java:48)
at java.base/jdk.internal.reflect.NativeMethodAccessorImpl.invoke0(Native Method)
at java.base/jdk.internal.reflect.NativeMethodAccessorImpl.invoke(Unknown Source)
at java.base/jdk.internal.reflect.DelegatingMethodAccessorImpl.invoke(Unknown Source)
at java.base/java.lang.reflect.Method.invoke(Unknown Source)
at org.testng.internal.MethodInvocationHelper.invokeMethod(MethodInvocationHelper.java:133)
at org.testng.internal.TestInvoker.invokeMethod(TestInvoker.java:598)
at org.testng.internal.TestInvoker.invokeTestMethod(TestInvoker.java:173)
at org.testng.internal.MethodRunner.runInSequence(MethodRunner.java:46)
at org.testng.internal.TestInvoker$MethodInvocationAgent.invoke(TestInvoker.java:824)
at org.testng.internal.TestInvoker.invokeTestMethods(TestInvoker.java:146)
at org.testng.internal.TestMethodWorker.invokeTestMethods(TestMethodWorker.java:146)
at org.testng.internal.TestMethodWorker.run(TestMethodWorker.java:128)
at java.base/java.util.ArrayList.forEach(Unknown Source)
at org.testng.TestRunner.privateRun(TestRunner.java:794)
at org.testng.TestRunner.run(TestRunner.java:596)
at org.testng.SuiteRunner.runTest(SuiteRunner.java:377)
at org.testng.SuiteRunner.runSequentially(SuiteRunner.java:371)
at org.testng.SuiteRunner.privateRun(SuiteRunner.java:332)
at org.testng.SuiteRunner.run(SuiteRunner.java:276)
at org.testng.SuiteRunnerWorker.runSuite(SuiteRunnerWorker.java:53)
at org.testng.SuiteRunnerWorker.run(SuiteRunnerWorker.java:96)
at org.testng.TestNG.runSuitesSequentially(TestNG.java:1212)
at org.testng.TestNG.runSuitesLocally(TestNG.java:1134)
at org.testng.TestNG.runSuites(TestNG.java:1063)
at org.testng.TestNG.run(TestNG.java:1031)
at org.testng.remote.AbstractRemoteTestNG.run(AbstractRemoteTestNG.java:115)
at org.testng.remote.RemoteTestNG.initAndRun(RemoteTestNG.java:251)
at org.testng.remote.RemoteTestNG.main(RemoteTestNG.java:77)
]]>
            </full-stacktrace>
          </exception> <!-- java.lang.AssertionError -->
          <reporter-output>
          </reporter-output>
        </test-method> <!-- potential -->
        <test-method is-config="true" signature="closeBrowser()[pri:0, instance:com.SwiZo.ability.PotentialPageTest@59505b48]" started-at="2021-10-04T17:50:04 IST" name="closeBrowser" finished-at="2021-10-04T17:50:05 IST" duration-ms="851" status="PASS">
          <reporter-output>
          </reporter-output>
        </test-method> <!-- closeBrowser -->
      </class> <!-- com.SwiZo.ability.PotentialPageTest -->
      <class name="com.SwiZo.ability.PTTest">
        <test-method is-config="true" signature="openBrowser()[pri:0, instance:com.SwiZo.ability.PTTest@63376bed]" started-at="2021-10-04T17:50:05 IST" name="openBrowser" finished-at="2021-10-04T17:50:08 IST" duration-ms="2914" status="PASS">
          <reporter-output>
          </reporter-output>
        </test-method> <!-- openBrowser -->
        <test-method signature="PT()[pri:0, instance:com.SwiZo.ability.PTTest@63376bed]" started-at="2021-10-04T17:50:08 IST" name="PT" finished-at="2021-10-04T17:50:17 IST" duration-ms="9376" status="PASS">
          <reporter-output>
          </reporter-output>
        </test-method> <!-- PT -->
        <test-method is-config="true" signature="closeBrowser()[pri:0, instance:com.SwiZo.ability.PTTest@63376bed]" started-at="2021-10-04T17:50:17 IST" name="closeBrowser" finished-at="2021-10-04T17:50:18 IST" duration-ms="1332" status="PASS">
          <reporter-output>
          </reporter-output>
        </test-method> <!-- closeBrowser -->
      </class> <!-- com.SwiZo.ability.PTTest -->
    </test> <!-- Test -->
  </suite> <!-- Suite -->
</testng-results>
