<?xml version="1.0" encoding="UTF-8"?>
<!-- Generated by org.testng.reporters.JUnitXMLReporter -->
<testsuite ignored="0" hostname="DESKTOP-LC2OIGE" failures="1" tests="2" name="Test" time="37.432" errors="0" timestamp="2021-10-04T17:50:19 IST">
  <testcase classname="com.SwiZo.ability.PotentialPageTest" name="potential" time="15.584">
    <failure type="java.lang.AssertionError" message="expected [true] but found [false]">
      <![CDATA[java.lang.AssertionError: expected [true] but found [false]
at com.SwiZo.GenericLib.WebDriverCommonLib.verify(WebDriverCommonLib.java:53)
at com.SwiZo.ability.PotentialPageTest.potential(PotentialPageTest.java:48)
at java.base/java.util.ArrayList.forEach(Unknown Source)
... Removed 31 stack frames]]>
    </failure>
  </testcase> <!-- potential -->
  <testcase classname="com.SwiZo.ability.PTTest" name="PT" time="9.376"/>
</testsuite> <!-- Test -->
